  % Total    % Received % Xferd  Average Speed   Time    Time     Time  Current
                                 Dload  Upload   Total   Spent    Left  Speed
  0     0    0     0    0     0      0      0 --:--:-- --:--:-- --:--:--     0*   Trying 3.134.107.52:80...
* Connected to ec2-3-134-107-52.us-east-2.compute.amazonaws.com (3.134.107.52) port 80 (#0)
> GET /static/js/bundle.js HTTP/1.1
> Host: ec2-3-134-107-52.us-east-2.compute.amazonaws.com
> User-Agent: curl/7.81.0
> Accept: */*
> Cookie: login=eyJ1c2VybmFtZSI6ImF3ZGVvcmlvIn0.Y_FylA.HHeSDcnPL1NGSkBkFSbupMH7DJ4
> 
  0     0    0     0    0     0      0      0 --:--:-- --:--:-- --:--:--     0* Mark bundle as not supporting multiuse
< HTTP/1.1 200 OK
< Server: nginx/1.18.0 (Ubuntu)
< Date: Sun, 19 Feb 2023 00:53:09 GMT
< Content-Type: text/javascript; charset=utf-8
< Content-Length: 1144516
< Connection: keep-alive
< Content-Disposition: inline; filename=bundle.js
< Last-Modified: Sun, 19 Feb 2023 00:43:30 GMT
< Cache-Control: no-cache
< ETag: "1676767410.1680489-1144516-3954186017"
< 
{ [1099 bytes data]
100 1117k  100 1117k    0     0  3060k      0 --:--:-- --:--:-- --:--:-- 3062k
* Connection #0 to host ec2-3-134-107-52.us-east-2.compute.amazonaws.com left intact
