  % Total    % Received % Xferd  Average Speed   Time    Time     Time  Current
                                 Dload  Upload   Total   Spent    Left  Speed
  0     0    0     0    0     0      0      0 --:--:-- --:--:-- --:--:--     0*   Trying 3.134.107.52:80...
* Connected to ec2-3-134-107-52.us-east-2.compute.amazonaws.com (3.134.107.52) port 80 (#0)
> GET / HTTP/1.1
> Host: ec2-3-134-107-52.us-east-2.compute.amazonaws.com
> User-Agent: curl/7.81.0
> Accept: */*
> Cookie: login=eyJ1c2VybmFtZSI6ImF3ZGVvcmlvIn0.Y_FylA.HHeSDcnPL1NGSkBkFSbupMH7DJ4
> 
* Mark bundle as not supporting multiuse
< HTTP/1.1 200 OK
< Server: nginx/1.18.0 (Ubuntu)
< Date: Sun, 19 Feb 2023 00:52:04 GMT
< Content-Type: text/html; charset=utf-8
< Content-Length: 1296
< Connection: keep-alive
< Vary: Cookie
< 
{ [1296 bytes data]
100  1296  100  1296    0     0   8615      0 --:--:-- --:--:-- --:--:--  8640
* Connection #0 to host ec2-3-134-107-52.us-east-2.compute.amazonaws.com left intact
